INFO     05:38:27 # begin parsing files...
INFO     05:38:27 # retrieving reads from file: /home/snehal/galaxy-dist/database/files/000/dataset_69.dat
INFO     05:38:27 # retrieving reads from file: /home/snehal/galaxy-dist/database/files/000/dataset_70.dat
INFO     05:38:27 # retrieving reads from file: /home/snehal/galaxy-dist/database/files/000/dataset_67.dat
INFO     05:38:27 # retrieving reads from file: /home/snehal/galaxy-dist/database/files/000/dataset_68.dat
INFO     05:38:27 # Total #reads for /home/snehal/galaxy-dist/database/files/000/dataset_69.dat is 25256
INFO     05:38:27 # Total #reads for /home/snehal/galaxy-dist/database/files/000/dataset_70.dat is 41757
INFO     05:38:27 # Total #reads for /home/snehal/galaxy-dist/database/files/000/dataset_67.dat is 30274
INFO     05:38:27 # Total #reads for /home/snehal/galaxy-dist/database/files/000/dataset_68.dat is 26214
DEBUG    05:38:27 # The genome size is 9999956
INFO     05:38:27 # leaving file_parser.py
INFO     05:38:27 # begin estimating the shift size...
INFO     05:38:27 # estimating for /home/snehal/galaxy-dist/database/files/000/dataset_69.dat
INFO     05:38:28 # chr10      64
INFO     05:38:28 # /home/snehal/galaxy-dist/database/files/000/dataset_69.dat 64
INFO     05:38:28 # estimating for /home/snehal/galaxy-dist/database/files/000/dataset_70.dat
INFO     05:38:29 # chr10      38
INFO     05:38:29 # /home/snehal/galaxy-dist/database/files/000/dataset_70.dat 38
DEBUG    05:38:29 # shifting the reads for chr10...
DEBUG    05:38:29 # The scaling factor for /home/snehal/galaxy-dist/database/files/000/dataset_67.dat is 1.15957010878
DEBUG    05:38:29 # The scaling factor for /home/snehal/galaxy-dist/database/files/000/dataset_68.dat is 1.34939040551
DEBUG    05:38:29 # The TMM estiamted from top 1000 windows is 1.27247749011
DEBUG    05:38:29 # The scaling factor for /home/snehal/galaxy-dist/database/files/000/dataset_69.dat is 1.27247749011
DEBUG    05:38:29 # The TMM estiamted from top 1000 windows is 0.824913282693
DEBUG    05:38:29 # The scaling factor for /home/snehal/galaxy-dist/database/files/000/dataset_70.dat is 0.824913282693
INFO     05:38:29 # begin window_size calculation...
DEBUG    05:38:30 # chr10      310
DEBUG    05:38:30 # length of windowsize list is 1
DEBUG    05:38:30 # window_size:        310
INFO     05:38:30 # finishing window size calculation...
INFO     05:38:30 #  The windowSize is 310
INFO     05:38:30 # partitioning by window on 	chr10...
DEBUG    05:38:30 # there are 15 candidate windows for chr10
DEBUG    05:38:31 # finished estimating dispersion for chr10
DEBUG    05:38:31 # begin estimating fdr
DEBUG    05:38:31 # finished estimating fdr
INFO     05:38:31 # Merging adjacent significant windows...
INFO     05:38:31 # begin post-processing...
