INFO     05:35:38 # begin parsing files...
INFO     05:35:38 # retrieving reads from file: /home/snehal/galaxy-dist/database/files/000/dataset_69.dat
INFO     05:35:38 # retrieving reads from file: /home/snehal/galaxy-dist/database/files/000/dataset_70.dat
INFO     05:35:38 # retrieving reads from file: /home/snehal/galaxy-dist/database/files/000/dataset_67.dat
INFO     05:35:38 # retrieving reads from file: /home/snehal/galaxy-dist/database/files/000/dataset_68.dat
INFO     05:35:38 # Total #reads for /home/snehal/galaxy-dist/database/files/000/dataset_69.dat is 25256
INFO     05:35:38 # Total #reads for /home/snehal/galaxy-dist/database/files/000/dataset_70.dat is 41757
INFO     05:35:38 # Total #reads for /home/snehal/galaxy-dist/database/files/000/dataset_67.dat is 30274
INFO     05:35:38 # Total #reads for /home/snehal/galaxy-dist/database/files/000/dataset_68.dat is 26214
DEBUG    05:35:38 # The genome size is 9999956
INFO     05:35:38 # leaving file_parser.py
INFO     05:35:38 # begin estimating the shift size...
INFO     05:35:38 # estimating for /home/snehal/galaxy-dist/database/files/000/dataset_69.dat
INFO     05:35:39 # chr10      64
INFO     05:35:39 # /home/snehal/galaxy-dist/database/files/000/dataset_69.dat 64
INFO     05:35:39 # estimating for /home/snehal/galaxy-dist/database/files/000/dataset_70.dat
INFO     05:35:40 # chr10      38
INFO     05:35:40 # /home/snehal/galaxy-dist/database/files/000/dataset_70.dat 38
DEBUG    05:35:40 # shifting the reads for chr10...
DEBUG    05:35:40 # The scaling factor for /home/snehal/galaxy-dist/database/files/000/dataset_67.dat is 1.15957010878
DEBUG    05:35:40 # The scaling factor for /home/snehal/galaxy-dist/database/files/000/dataset_68.dat is 1.34939040551
DEBUG    05:35:40 # The TMM estiamted from top 1000 windows is 1.27247749011
DEBUG    05:35:40 # The scaling factor for /home/snehal/galaxy-dist/database/files/000/dataset_69.dat is 1.27247749011
DEBUG    05:35:40 # The TMM estiamted from top 1000 windows is 0.824913282693
DEBUG    05:35:40 # The scaling factor for /home/snehal/galaxy-dist/database/files/000/dataset_70.dat is 0.824913282693
INFO     05:35:40 # begin window_size calculation...
DEBUG    05:35:41 # chr10      310
DEBUG    05:35:41 # length of windowsize list is 1
DEBUG    05:35:41 # window_size:        310
INFO     05:35:41 # finishing window size calculation...
INFO     05:35:41 #  The windowSize is 310
INFO     05:35:41 # partitioning by window on 	chr10...
DEBUG    05:35:41 # there are 15 candidate windows for chr10
DEBUG    05:35:42 # finished estimating dispersion for chr10
DEBUG    05:35:42 # begin estimating fdr
DEBUG    05:35:42 # finished estimating fdr
INFO     05:35:42 # Merging adjacent significant windows...
INFO     05:35:42 # begin post-processing...
