INFO     02:53:39 # begin parsing files...
INFO     02:53:39 # retrieving reads from file: /home/snehal/galaxy-dist/database/files/000/dataset_69.dat
INFO     02:53:39 # retrieving reads from file: /home/snehal/galaxy-dist/database/files/000/dataset_70.dat
INFO     02:53:39 # retrieving reads from file: /home/snehal/galaxy-dist/database/files/000/dataset_67.dat
INFO     02:53:39 # retrieving reads from file: /home/snehal/galaxy-dist/database/files/000/dataset_68.dat
INFO     02:53:39 # Total #reads for /home/snehal/galaxy-dist/database/files/000/dataset_69.dat is 25256
INFO     02:53:39 # Total #reads for /home/snehal/galaxy-dist/database/files/000/dataset_70.dat is 41757
INFO     02:53:39 # Total #reads for /home/snehal/galaxy-dist/database/files/000/dataset_67.dat is 30274
INFO     02:53:39 # Total #reads for /home/snehal/galaxy-dist/database/files/000/dataset_68.dat is 26214
DEBUG    02:53:39 # The genome size is 9999956
INFO     02:53:39 # leaving file_parser.py
INFO     02:53:39 # begin estimating the shift size...
INFO     02:53:39 # estimating for /home/snehal/galaxy-dist/database/files/000/dataset_69.dat
INFO     02:53:40 # chr10      64
INFO     02:53:40 # /home/snehal/galaxy-dist/database/files/000/dataset_69.dat 64
INFO     02:53:40 # estimating for /home/snehal/galaxy-dist/database/files/000/dataset_70.dat
INFO     02:53:41 # chr10      38
INFO     02:53:41 # /home/snehal/galaxy-dist/database/files/000/dataset_70.dat 38
DEBUG    02:53:41 # shifting the reads for chr10...
DEBUG    02:53:41 # The scaling factor for /home/snehal/galaxy-dist/database/files/000/dataset_67.dat is 1.15957010878
DEBUG    02:53:41 # The scaling factor for /home/snehal/galaxy-dist/database/files/000/dataset_68.dat is 1.34939040551
DEBUG    02:53:41 # The TMM estiamted from top 1000 windows is 1.27247749011
DEBUG    02:53:41 # The scaling factor for /home/snehal/galaxy-dist/database/files/000/dataset_69.dat is 1.27247749011
DEBUG    02:53:41 # The TMM estiamted from top 1000 windows is 0.824913282693
DEBUG    02:53:41 # The scaling factor for /home/snehal/galaxy-dist/database/files/000/dataset_70.dat is 0.824913282693
INFO     02:53:41 # begin window_size calculation...
DEBUG    02:53:42 # chr10      310
DEBUG    02:53:42 # length of windowsize list is 1
DEBUG    02:53:42 # window_size:        310
INFO     02:53:42 # finishing window size calculation...
INFO     02:53:42 #  The windowSize is 310
INFO     02:53:42 # partitioning by window on 	chr10...
DEBUG    02:53:42 # there are 15 candidate windows for chr10
DEBUG    02:53:42 # finished estimating dispersion for chr10
DEBUG    02:53:42 # begin estimating fdr
DEBUG    02:53:42 # finished estimating fdr
INFO     02:53:42 # Merging adjacent significant windows...
INFO     02:53:42 # begin post-processing...
