INFO     05:41:18 # begin parsing files...
INFO     05:41:18 # retrieving reads from file: /home/snehal/galaxy-dist/database/files/000/dataset_69.dat
INFO     05:41:18 # retrieving reads from file: /home/snehal/galaxy-dist/database/files/000/dataset_70.dat
INFO     05:41:18 # retrieving reads from file: /home/snehal/galaxy-dist/database/files/000/dataset_67.dat
INFO     05:41:18 # retrieving reads from file: /home/snehal/galaxy-dist/database/files/000/dataset_68.dat
INFO     05:41:18 # Total #reads for /home/snehal/galaxy-dist/database/files/000/dataset_69.dat is 25256
INFO     05:41:18 # Total #reads for /home/snehal/galaxy-dist/database/files/000/dataset_70.dat is 41757
INFO     05:41:18 # Total #reads for /home/snehal/galaxy-dist/database/files/000/dataset_67.dat is 30274
INFO     05:41:18 # Total #reads for /home/snehal/galaxy-dist/database/files/000/dataset_68.dat is 26214
DEBUG    05:41:18 # The genome size is 9999956
INFO     05:41:18 # leaving file_parser.py
INFO     05:41:18 # begin estimating the shift size...
INFO     05:41:18 # estimating for /home/snehal/galaxy-dist/database/files/000/dataset_69.dat
INFO     05:41:19 # chr10      64
INFO     05:41:19 # /home/snehal/galaxy-dist/database/files/000/dataset_69.dat 64
INFO     05:41:19 # estimating for /home/snehal/galaxy-dist/database/files/000/dataset_70.dat
INFO     05:41:20 # chr10      38
INFO     05:41:20 # /home/snehal/galaxy-dist/database/files/000/dataset_70.dat 38
DEBUG    05:41:20 # shifting the reads for chr10...
DEBUG    05:41:21 # The scaling factor for /home/snehal/galaxy-dist/database/files/000/dataset_67.dat is 1.15957010878
DEBUG    05:41:21 # The scaling factor for /home/snehal/galaxy-dist/database/files/000/dataset_68.dat is 1.34939040551
DEBUG    05:41:21 # The TMM estiamted from top 1000 windows is 1.27247749011
DEBUG    05:41:21 # The scaling factor for /home/snehal/galaxy-dist/database/files/000/dataset_69.dat is 1.27247749011
DEBUG    05:41:21 # The TMM estiamted from top 1000 windows is 0.824913282693
DEBUG    05:41:21 # The scaling factor for /home/snehal/galaxy-dist/database/files/000/dataset_70.dat is 0.824913282693
INFO     05:41:21 # begin window_size calculation...
DEBUG    05:41:22 # chr10      310
DEBUG    05:41:22 # length of windowsize list is 1
DEBUG    05:41:22 # window_size:        310
INFO     05:41:22 # finishing window size calculation...
INFO     05:41:22 #  The windowSize is 310
INFO     05:41:22 # partitioning by window on 	chr10...
DEBUG    05:41:22 # there are 15 candidate windows for chr10
DEBUG    05:41:22 # finished estimating dispersion for chr10
DEBUG    05:41:22 # begin estimating fdr
DEBUG    05:41:22 # finished estimating fdr
INFO     05:41:22 # Merging adjacent significant windows...
INFO     05:41:22 # begin post-processing...
